<configuration xmlns:xsi="http://www.w3.org/2001/XMLSchema-instance"
  xsi:schemaLocation="http://www.exoplaform.org/xml/ns/kernel_1_2.xsd http://www.exoplaform.org/xml/ns/kernel_1_2.xsd"
  xmlns="http://www.exoplaform.org/xml/ns/kernel_1_2.xsd">

  <component>
    <type>org.exoplatform.services.jcr.impl.RepositoryCreationSynchronizer</type>
    <init-params>
      <value-param>
        <name>disabled</name>
        <value>false</value>
      </value-param>
    </init-params>
  </component>

  <component>
    <key>org.exoplatform.services.jcr.config.RepositoryServiceConfiguration</key>
    <type>org.exoplatform.services.jcr.impl.config.RepositoryServiceConfigurationImpl</type>
    <init-params>
      <value-param>
        <name>conf-path</name>
        <description>JCR configuration file</description>
        <value>jar:/conf/test/repository-configuration.xml</value>
      </value-param>
      <properties-param>
        <name>working-conf</name>
        <description>working-conf</description>
        <property name="source-name" value="jdbcjcr" />
        <property name="dialect" value="auto" />
        <property name="persister-class-name" value="org.exoplatform.services.jcr.impl.config.JDBCConfigurationPersister" />
      </properties-param>
    </init-params>
  </component>

  <component>
    <key>org.exoplatform.services.jcr.RepositoryService</key>
    <type>org.exoplatform.services.jcr.impl.RepositoryServiceImpl</type>
  </component>

  <external-component-plugins>
    <target-component>org.exoplatform.services.jcr.RepositoryService</target-component>
    <component-plugin>
      <name>add.namespaces</name>
      <set-method>addPlugin</set-method>
      <type>org.exoplatform.services.jcr.impl.AddNamespacesPlugin</type>
      <init-params>
        <properties-param>
          <name>namespaces</name>
          <property name="mix" value="http://exoplatform.org/mix/1.0/" />
          <property name="publication" value="http://exoplatform.org/publication/1.0/" />
        </properties-param>
      </init-params>
    </component-plugin>
    <component-plugin>
      <name>add.nodeType</name>
      <set-method>addPlugin</set-method>
      <type>org.exoplatform.services.jcr.impl.AddNodeTypePlugin</type>
      <init-params>
        <values-param>
          <name>autoCreatedInNewRepository</name>
          <description>Node types configuration file</description>
          <value>jar:/conf/test/integ-social-nodetypes-config.xml</value>
        </values-param>
      </init-params>
    </component-plugin>
  </external-component-plugins>


  <external-component-plugins>
    <target-component>org.exoplatform.services.jcr.RepositoryService</target-component>
    <component-plugin>
      <name>add.namespaces</name>
      <set-method>addPlugin</set-method>
      <type>org.exoplatform.services.jcr.impl.AddNamespacesPlugin</type>
      <init-params>
        <properties-param>
          <name>namespaces</name>
          <property name="eoo" value="http://www.exoplatform.com/jcr/onlyoffice/1.0/" />
        </properties-param>
      </init-params>
    </component-plugin>
    <component-plugin>
      <name>add.gadget.services.nodeType</name>
      <set-method>addPlugin</set-method>
      <type>org.exoplatform.services.jcr.impl.AddNodeTypePlugin</type>
      <init-params>
        <values-param>
          <name>autoCreatedInNewRepository</name>
          <description>Onlyoffice node types configuration file</description>
          <value>jar:/conf/test/onlyoffice-nodetypes.xml</value>
        </values-param>
      </init-params>
    </component-plugin>
    <component-plugin>
      <name>add.test.nodeType</name>
      <set-method>addPlugin</set-method>
      <type>org.exoplatform.services.jcr.impl.AddNodeTypePlugin</type>
      <init-params>
        <values-param>
          <name>autoCreatedInNewRepository</name>
          <description>Node types configuration file for tests</description>
          <value>jar:/conf/test/test-nodetypes.xml</value>
        </values-param>
      </init-params>
    </component-plugin>
  </external-component-plugins>

  <external-component-plugins>
    <target-component>org.exoplatform.services.jcr.ext.hierarchy.NodeHierarchyCreator</target-component>
    <component-plugin>
      <name>addPaths</name>
      <set-method>addPlugin</set-method>
      <type>org.exoplatform.services.jcr.ext.hierarchy.impl.AddPathPlugin</type>
      <init-params>
        <object-param>
          <name>cms.configuration</name>
          <description>configuration for the ecms path</description>
          <object type="org.exoplatform.services.jcr.ext.hierarchy.impl.HierarchyConfig">
            <field name="workspaces">
              <collection type="java.util.ArrayList">
                <value>
                  <string>portal-test</string>
                </value>
              </collection>
            </field>
            <field name="jcrPaths">
              <collection type="java.util.ArrayList">
                <value>
                  <object type="org.exoplatform.services.jcr.ext.hierarchy.impl.HierarchyConfig$JcrPath">
                    <field name="alias">
                      <string>eXoApplications</string>
                    </field>
                    <field name="path">
                      <string>/exo:applications</string>
                    </field>
                    <field name="permissions">
                      <collection type="java.util.ArrayList">
                        <value>
                          <object type="org.exoplatform.services.jcr.ext.hierarchy.impl.HierarchyConfig$Permission">
                            <field name="identity">
                              <string>*:/platform/administrators</string>
                            </field>
                            <field name="read">
                              <string>true</string>
                            </field>
                            <field name="addNode">
                              <string>true</string>
                            </field>
                            <field name="setProperty">
                              <string>true</string>
                            </field>
                            <field name="remove">
                              <string>true</string>
                            </field>
                          </object>
                        </value>
                        <value>
                          <object type="org.exoplatform.services.jcr.ext.hierarchy.impl.HierarchyConfig$Permission">
                            <field name="identity">
                              <string>any</string>
                            </field>
                            <field name="read">
                              <string>true</string>
                            </field>
                            <field name="addNode">
                              <string>false</string>
                            </field>
                            <field name="setProperty">
                              <string>true</string>
                            </field>
                            <field name="remove">
                              <string>false</string>
                            </field>
                          </object>
                        </value>
                      </collection>
                    </field>
                  </object>
                </value>
                <value>
                  <object type="org.exoplatform.services.jcr.ext.hierarchy.impl.HierarchyConfig$JcrPath">
                    <field name="alias">
                      <string>eXoServices</string>
                    </field>
                    <field name="path">
                      <string>/exo:services</string>
                    </field>
                    <field name="mixinTypes">
                      <collection type="java.util.ArrayList">
                        <value>
                          <string>exo:hiddenable</string>
                        </value>
                      </collection>
                    </field>
                    <field name="permissions">
                      <collection type="java.util.ArrayList">
                        <value>
                          <object type="org.exoplatform.services.jcr.ext.hierarchy.impl.HierarchyConfig$Permission">
                            <field name="identity">
                              <string>*:/platform/administrators</string>
                            </field>
                            <field name="read">
                              <string>true</string>
                            </field>
                            <field name="addNode">
                              <string>true</string>
                            </field>
                            <field name="setProperty">
                              <string>true</string>
                            </field>
                            <field name="remove">
                              <string>true</string>
                            </field>
                          </object>
                        </value>
                      </collection>
                    </field>
                  </object>
                </value>
                <value>
                  <object type="org.exoplatform.services.jcr.ext.hierarchy.impl.HierarchyConfig$JcrPath">
                    <field name="alias">
                      <string>production</string>
                    </field>
                    <field name="path">
                      <string>/production</string>
                    </field>
                    <field name="permissions">
                      <collection type="java.util.ArrayList">
                        <value>
                          <object type="org.exoplatform.services.jcr.ext.hierarchy.impl.HierarchyConfig$Permission">
                            <field name="identity">
                              <string>*:/platform/administrators</string>
                            </field>
                            <field name="read">
                              <string>true</string>
                            </field>
                            <field name="addNode">
                              <string>true</string>
                            </field>
                            <field name="setProperty">
                              <string>true</string>
                            </field>
                            <field name="remove">
                              <string>true</string>
                            </field>
                          </object>
                        </value>
                        <value>
                          <object type="org.exoplatform.services.jcr.ext.hierarchy.impl.HierarchyConfig$Permission">
                            <field name="identity">
                              <string>any</string>
                            </field>
                            <field name="read">
                              <string>true</string>
                            </field>
                            <field name="addNode">
                              <string>false</string>
                            </field>
                            <field name="setProperty">
                              <string>true</string>
                            </field>
                            <field name="remove">
                              <string>false</string>
                            </field>
                          </object>
                        </value>
                      </collection>
                    </field>
                  </object>
                </value>
                <value>
                  <object type="org.exoplatform.services.jcr.ext.hierarchy.impl.HierarchyConfig$JcrPath">
                    <field name="alias">
                      <string>usersPath</string>
                    </field>
                    <field name="path">
                      <string>/Users</string>
                    </field>
                    <field name="permissions">
                      <collection type="java.util.ArrayList">
                        <value>
                          <object type="org.exoplatform.services.jcr.ext.hierarchy.impl.HierarchyConfig$Permission">
                            <field name="identity">
                              <string>*:/platform/administrators</string>
                            </field>
                            <field name="read">
                              <string>true</string>
                            </field>
                            <field name="addNode">
                              <string>false</string>
                            </field>
                            <field name="setProperty">
                              <string>false</string>
                            </field>
                            <field name="remove">
                              <string>false</string>
                            </field>
                          </object>
                        </value>
                        <value>
                          <object type="org.exoplatform.services.jcr.ext.hierarchy.impl.HierarchyConfig$Permission">
                            <field name="identity">
                              <string>${exo.super.user:root}</string>
                            </field>
                            <field name="read">
                              <string>true</string>
                            </field>
                            <field name="addNode">
                              <string>true</string>
                            </field>
                            <field name="setProperty">
                              <string>true</string>
                            </field>
                            <field name="remove">
                              <string>true</string>
                            </field>
                          </object>
                        </value>
                        <value>
                          <object type="org.exoplatform.services.jcr.ext.hierarchy.impl.HierarchyConfig$Permission">
                            <field name="identity">
                              <string>*:/platform/users</string>
                            </field>
                            <field name="read">
                              <string>true</string>
                            </field>
                            <field name="addNode">
                              <string>false</string>
                            </field>
                            <field name="setProperty">
                              <string>false</string>
                            </field>
                            <field name="remove">
                              <string>false</string>
                            </field>
                          </object>
                        </value>
                      </collection>
                    </field>
                  </object>
                </value>
                <value>
                  <object type="org.exoplatform.services.jcr.ext.hierarchy.impl.HierarchyConfig$JcrPath">
                    <field name="alias">
                      <string>groupsPath</string>
                    </field>
                    <field name="path">
                      <string>/Groups</string>
                    </field>
                    <field name="permissions">
                      <collection type="java.util.ArrayList">
                        <value>
                          <object type="org.exoplatform.services.jcr.ext.hierarchy.impl.HierarchyConfig$Permission">
                            <field name="identity">
                              <string>*:/platform/administrators</string>
                            </field>
                            <field name="read">
                              <string>true</string>
                            </field>
                            <field name="addNode">
                              <string>false</string>
                            </field>
                            <field name="setProperty">
                              <string>false</string>
                            </field>
                            <field name="remove">
                              <string>false</string>
                            </field>
                          </object>
                        </value>
                        <value>
                          <object type="org.exoplatform.services.jcr.ext.hierarchy.impl.HierarchyConfig$Permission">
                            <field name="identity">
                              <string>*:/platform/users</string>
                            </field>
                            <field name="read">
                              <string>true</string>
                            </field>
                            <field name="addNode">
                              <string>false</string>
                            </field>
                            <field name="setProperty">
                              <string>false</string>
                            </field>
                            <field name="remove">
                              <string>false</string>
                            </field>
                          </object>
                        </value>
                      </collection>
                    </field>
                  </object>
                </value>
                <value>
                  <object type="org.exoplatform.services.jcr.ext.hierarchy.impl.HierarchyConfig$JcrPath">
                    <field name="alias">
                      <string>exoApplicationDataNode</string>
                    </field>
                    <field name="path">
                      <string>/Application Data</string>
                    </field>
                    <field name="mixinTypes">
                      <collection type="java.util.ArrayList">
                        <value>
                          <string>exo:hiddenable</string>
                        </value>
                      </collection>
                    </field>
                    <field name="permissions">
                      <collection type="java.util.ArrayList">
                        <value>
                          <object type="org.exoplatform.services.jcr.ext.hierarchy.impl.HierarchyConfig$Permission">
                            <field name="identity">
                              <string>*:/platform/administrators</string>
                            </field>
                            <field name="read">
                              <string>true</string>
                            </field>
                            <field name="addNode">
                              <string>true</string>
                            </field>
                            <field name="setProperty">
                              <string>true</string>
                            </field>
                            <field name="remove">
                              <string>true</string>
                            </field>
                          </object>
                        </value>
                        <value>
                          <object type="org.exoplatform.services.jcr.ext.hierarchy.impl.HierarchyConfig$Permission">
                            <field name="identity">
                              <string>*:/platform/users</string>
                            </field>
                            <field name="read">
                              <string>true</string>
                            </field>
                            <field name="addNode">
                              <string>true</string>
                            </field>
                            <field name="setProperty">
                              <string>true</string>
                            </field>
                            <field name="remove">
                              <string>true</string>
                            </field>
                          </object>
                        </value>
                      </collection>
                    </field>
                  </object>
                </value>
              </collection>
            </field>
          </object>
        </object-param>
      </init-params>
    </component-plugin>
  </external-component-plugins>

</configuration>
